<?xml version="1.0" encoding="UTF-8"?>
<!-- Generated by org.testng.reporters.JUnitReportReporter -->
<testsuite skipped="0" hostname="DESKTOP-EGM7SA9" name="testscripts.Testcase2" tests="1" failures="0" timestamp="2022-02-15T08:02:05 IST" time="8.646" errors="0">
  <testcase name="tc2" time="8.646" classname="testscripts.Testcase2"/>
  <system-out/>
</testsuite> <!-- testscripts.Testcase2 -->
