<?xml version="1.0" encoding="UTF-8"?>
<!-- Generated by org.testng.reporters.JUnitReportReporter -->
<testsuite skipped="0" hostname="DESKTOP-EGM7SA9" name="testscripts.Testcase3" tests="1" failures="0" timestamp="2022-02-15T08:02:05 IST" time="16.689" errors="0">
  <testcase name="tc3" time="16.689" classname="testscripts.Testcase3"/>
  <system-out/>
</testsuite> <!-- testscripts.Testcase3 -->
